#
# A fatal error has been detected by the Java Runtime Environment:
#
#  SIGILL (0x4) at pc=0x00007fff8da362ea, pid=10053, tid=1811
#
# JRE version: Java(TM) SE Runtime Environment (7.0_79-b15) (build 1.7.0_79-b15)
# Java VM: Java HotSpot(TM) 64-Bit Server VM (24.79-b02 mixed mode bsd-amd64 compressed oops)
# Problematic frame:
# C  [libobjc.A.dylib+0x122ea]  _ZL10_objc_trapv+0x0
#
# Failed to write core dump. Core dumps have been disabled. To enable core dumping, try "ulimit -c unlimited" before starting Java again
#
# If you would like to submit a bug report, please visit:
#   http://bugreport.java.com/bugreport/crash.jsp
# The crash happened outside the Java Virtual Machine in native code.
# See problematic frame for where to report the bug.
#

---------------  T H R E A D  ---------------

Current thread (0x00007fa6bc8b7800):  JavaThread "AppKit Thread" daemon [_thread_in_native, id=1811, stack(0x00007fff5be90000,0x00007fff5bf10000)]

siginfo:si_signo=SIGILL: si_errno=0, si_code=1 (ILL_ILLOPC), si_addr=0x00007fff8da362ea

Registers:
RAX=0x0000000000000000, RBX=0x00007fa6bbcd5d10, RCX=0x0000000000000000, RDX=0x00007fff7b7561e0
RSP=0x00007fff5bf09a78, RBP=0x00007fff5bf09b60, RSI=0x0000010000000100, RDI=0x0000000000000103
R8 =0x00007fff5bf09a20, R9 =0x00000000ffffff80, R10=0x0000000000000000, R11=0x00007fa6be1659b0
R12=0x00007fff7d68b070, R13=0x00007fff7b75fe80, R14=0x00007fff7b761e28, R15=0x00007fa6bbc70448
RIP=0x00007fff8da362ea, EFLAGS=0x0000000000010206, ERR=0x0000000000000000
  TRAPNO=0x0000000000000006

Top of Stack: (sp=0x00007fff5bf09a78)
0x00007fff5bf09a78:   00007fff8da3642a 0000000000000000
0x00007fff5bf09a88:   00007fa6bbcd5d10 00007fff94c5cbd5
0x00007fff5bf09a98:   00007fff94c5cbd5 000000000000005f
0x00007fff5bf09aa8:   00007fa6bbcd5d10 00007fff5bf09ae0
0x00007fff5bf09ab8:   00007fff8da46225 00007fff5bf09b20
0x00007fff5bf09ac8:   00007fff8da39da1 00007fff7b761e10
0x00007fff5bf09ad8:   00007fff7d68b070 00007fff5bf09b40
0x00007fff5bf09ae8:   00007fa6bbc70448 00007fff5bf09b20
0x00007fff5bf09af8:   00007fff94c5cbd5 00007fff94c5cbd5
0x00007fff5bf09b08:   0000000000000000 00007fff7caa50b0
0x00007fff5bf09b18:   00007fa6bbc70448 00007fff5bf09b60
0x00007fff5bf09b28:   00007fff8da3b5ad 00007fa6be166250
0x00007fff5bf09b38:   00007fa6be166790 0000003000000018
0x00007fff5bf09b48:   00007fff5bf09b70 00007fff5bf09a80
0x00007fff5bf09b58:   00007fa6bbc70448 00007fff5bf09bd0
0x00007fff5bf09b68:   00007fff8da2dc87 0000000000000000
0x00007fff5bf09b78:   00007fa6bcbd8ef0 00007fff7b75fe80
0x00007fff5bf09b88:   00007fa6bbc703c8 00007fff5bf09bf0
0x00007fff5bf09b98:   00007fff8da2db21 a7009e273da61e11
0x00007fff5bf09ba8:   00007fff7b75fe80 0000000000000000
0x00007fff5bf09bb8:   00007fff7b75fe80 00007fa6bbc70448
0x00007fff5bf09bc8:   00007fff7b761e00 00007fff5bf09c30
0x00007fff5bf09bd8:   00007fff8da2dac7 000000000000000b
0x00007fff5bf09be8:   00007fa6bbcd5d10 0000000000001f80
0x00007fff5bf09bf8:   00007fa6bbc70448 000000000000000b
0x00007fff5bf09c08:   00007fa6bbdca1f0 0000000000000000
0x00007fff5bf09c18:   00007fa6bbc50d10 00007fa6bbc70240
0x00007fff5bf09c28:   00007fa6bbcd5d10 00007fff5bf09c70
0x00007fff5bf09c38:   00007fff999b313c 00007fa6bbdca1f0
0x00007fff5bf09c48:   0000000000000000 00007fa6bbcd5d10
0x00007fff5bf09c58:   00007fff8da250c0 00007fa6bbdca1f0
0x00007fff5bf09c68:   00007fff7cabcbd8 00007fff5bf09ca0 

Instructions: (pc=0x00007fff8da362ea)
0x00007fff8da362ca:   c0 44 89 f2 e8 1f 08 01 00 48 8b 7d e0 e8 30 cc
0x00007fff8da362da:   ff ff 48 8b 7d e0 e8 d3 15 ff ff e8 00 00 00 00
0x00007fff8da362ea:   0f 0b 55 48 89 e5 48 81 ec d0 00 00 00 84 c0 74
0x00007fff8da362fa:   26 0f 29 85 60 ff ff ff 0f 29 8d 70 ff ff ff 0f 

Register to memory mapping:

RAX=0x0000000000000000 is an unknown value
RBX=0x00007fa6bbcd5d10 is an unknown value
RCX=0x0000000000000000 is an unknown value
RDX=0x00007fff7b7561e0: _ZZL14_objc_crashlogPKcE13crashlog_lock+0x20 in /usr/lib/libobjc.A.dylib at 0x00007fff8da24000
RSP=0x00007fff5bf09a78 is pointing into the stack for thread: 0x00007fa6bc8b7800
RBP=0x00007fff5bf09b60 is pointing into the stack for thread: 0x00007fa6bc8b7800
RSI=0x0000010000000100 is an unknown value
RDI=0x0000000000000103 is an unknown value
R8 =0x00007fff5bf09a20 is pointing into the stack for thread: 0x00007fa6bc8b7800
R9 =0x00000000ffffff80 is an unknown value
R10=0x0000000000000000 is an unknown value
R11=0x00007fa6be1659b0 is an unknown value
R12=0x00007fff7d68b070: __stack_chk_guard+0 in /usr/lib/system/libsystem_c.dylib at 0x00007fff99056000
R13=0x00007fff7b75fe80: _ZN12_GLOBAL__N_19SideTable9table_bufE+0 in /usr/lib/libobjc.A.dylib at 0x00007fff8da24000
R14=0x00007fff7b761e28: _ZN12_GLOBAL__N_19SideTable9table_bufE+0x1fa8 in /usr/lib/libobjc.A.dylib at 0x00007fff8da24000
R15=0x00007fa6bbc70448 is an unknown value


Stack: [0x00007fff5be90000,0x00007fff5bf10000],  sp=0x00007fff5bf09a78,  free space=486k
Native frames: (J=compiled Java code, j=interpreted, Vv=VM code, C=native code)
C  [libobjc.A.dylib+0x122ea]  _ZL10_objc_trapv+0x0
C  [libobjc.A.dylib+0x9c87]  class_getMethodImplementation+0x0
C  [libobjc.A.dylib+0x9ac7]  objc_storeWeak+0xe9
C  [Foundation+0x1613c]  -[NSConcreteMapTable setObject:forKey:]+0x6e
C  [AppKit+0x31df3e]  -[NSView(NSOpenGLContextAssociation) _setOpenGLContext:]+0xf2
C  [AppKit+0x31db54]  -[NSOpenGLContext setView:]+0x5b
C  [liblwjgl.dylib+0xa586]  -[MacOSXOpenGLView lockFocus]+0x76
C  [AppKit+0xe1f45]  -[NSView _recursiveDisplayRectIfNeededIgnoringOpacity:isVisibleRect:rectIsVisibleRectForView:topView:]+0x740
C  [AppKit+0xe2fa0]  -[NSView _recursiveDisplayRectIfNeededIgnoringOpacity:isVisibleRect:rectIsVisibleRectForView:topView:]+0x179b
C  [AppKit+0xe12f3]  -[NSThemeFrame _recursiveDisplayRectIfNeededIgnoringOpacity:isVisibleRect:rectIsVisibleRectForView:topView:]+0x14d
C  [AppKit+0xdd68b]  -[NSView _displayRectIgnoringOpacity:isVisibleRect:rectIsVisibleRectForView:]+0xac9
C  [AppKit+0x951ae]  -[NSView displayIfNeeded]+0x754
C  [AppKit+0x94a09]  -[NSWindow displayIfNeeded]+0xec
C  [AppKit+0x94672]  _handleWindowNeedsDisplayOrLayoutOrUpdateConstraints+0x3a8
C  [Foundation+0x4b953]  __NSFireTimer+0x5f
C  [CoreFoundation+0xb72e4]  __CFRUNLOOP_IS_CALLING_OUT_TO_A_TIMER_CALLBACK_FUNCTION__+0x14
C  [CoreFoundation+0xb6f73]  __CFRunLoopDoTimer+0x423
C  [CoreFoundation+0x12a53d]  __CFRunLoopDoTimers+0x12d
C  [CoreFoundation+0x72608]  __CFRunLoopRun+0x7e8
C  [CoreFoundation+0x71bd8]  CFRunLoopRunSpecific+0x128
C  [HIToolbox+0x3256f]  RunCurrentEventLoopInMode+0xeb
C  [HIToolbox+0x322ea]  ReceiveNextEventCommon+0x1af
C  [HIToolbox+0x3212b]  _BlockUntilNextEventMatchingListInModeWithFilter+0x47
C  [AppKit+0x918ab]  _DPSNextEvent+0x3d2
C  [AppKit+0x90e58]  -[NSApplication nextEventMatchingMask:untilDate:inMode:dequeue:]+0x15a
C  [libosxapp.dylib+0x24e3]  -[NSApplicationAWT nextEventMatchingMask:untilDate:inMode:dequeue:]+0x7c
C  [AppKit+0x86af3]  -[NSApplication run]+0x252
C  [libosxapp.dylib+0x2346]  +[NSApplicationAWT runAWTLoopWithApp:]+0x9c
C  [liblwawt.dylib+0xe17d]  -[AWTStarter starter:]+0x369
C  [Foundation+0x92d00]  __NSThreadPerformPerform+0x125
C  [CoreFoundation+0x80a01]  __CFRUNLOOP_IS_CALLING_OUT_TO_A_SOURCE0_PERFORM_FUNCTION__+0x11
C  [CoreFoundation+0x72b8d]  __CFRunLoopDoSources0+0x10d
C  [CoreFoundation+0x721bf]  __CFRunLoopRun+0x39f
C  [CoreFoundation+0x71bd8]  CFRunLoopRunSpecific+0x128
C  [java+0x73b0]  CreateExecutionEnvironment+0x367
C  [java+0x1b5c]  JLI_Launch+0x7a0
C  [java+0x770d]  main+0x65
C  [java+0x13b4]  start+0x34


---------------  P R O C E S S  ---------------

Java Threads: ( => current thread )
  0x00007fa6bcc97800 JavaThread "TimerQueue" daemon [_thread_blocked, id=58775, stack(0x00000001189d6000,0x0000000118ad6000)]
  0x00007fa6bc28e000 JavaThread "AWT-EventQueue-0" [_thread_blocked, id=54023, stack(0x0000000112c33000,0x0000000112d33000)]
  0x00007fa6bc9cb000 JavaThread "Java2D Disposer" daemon [_thread_blocked, id=48907, stack(0x00000001127f7000,0x00000001128f7000)]
  0x00007fa6bc8ef000 JavaThread "Java2D Queue Flusher" daemon [_thread_blocked, id=47879, stack(0x0000000111937000,0x0000000111a37000)]
  0x00007fa6bc933800 JavaThread "AWT-Shutdown" [_thread_blocked, id=25111, stack(0x000000010ef8f000,0x000000010f08f000)]
=>0x00007fa6bc8b7800 JavaThread "AppKit Thread" daemon [_thread_in_native, id=1811, stack(0x00007fff5be90000,0x00007fff5bf10000)]
  0x00007fa6bc858000 JavaThread "Service Thread" daemon [_thread_blocked, id=16387, stack(0x000000010d427000,0x000000010d527000)]
  0x00007fa6bc857800 JavaThread "C2 CompilerThread1" daemon [_thread_blocked, id=15875, stack(0x000000010d324000,0x000000010d424000)]
  0x00007fa6bc84e000 JavaThread "C2 CompilerThread0" daemon [_thread_blocked, id=15363, stack(0x000000010d221000,0x000000010d321000)]
  0x00007fa6bc83e800 JavaThread "Signal Dispatcher" daemon [_thread_blocked, id=11787, stack(0x000000010d11e000,0x000000010d21e000)]
  0x00007fa6bc805000 JavaThread "Finalizer" daemon [_thread_blocked, id=10499, stack(0x000000010b780000,0x000000010b880000)]
  0x00007fa6bc804800 JavaThread "Reference Handler" daemon [_thread_blocked, id=9987, stack(0x000000010b67d000,0x000000010b77d000)]
  0x00007fa6bc010000 JavaThread "main" [_thread_in_native, id=4867, stack(0x0000000104869000,0x0000000104969000)]

Other Threads:
  0x00007fa6bc028800 VMThread [stack: 0x000000010b57a000,0x000000010b67a000] [id=9475]
  0x00007fa6bc801000 WatcherThread [stack: 0x000000010d52a000,0x000000010d62a000] [id=16899]

VM state:not at safepoint (normal execution)

VM Mutex/Monitor currently owned by a thread: None

Heap
 PSYoungGen      total 19456K, used 16283K [0x00000007eaa80000, 0x00000007ec000000, 0x0000000800000000)
  eden space 16896K, 96% used [0x00000007eaa80000,0x00000007eba66e00,0x00000007ebb00000)
  from space 2560K, 0% used [0x00000007ebd80000,0x00000007ebd80000,0x00000007ec000000)
  to   space 2560K, 0% used [0x00000007ebb00000,0x00000007ebb00000,0x00000007ebd80000)
 ParOldGen       total 43520K, used 0K [0x00000007c0000000, 0x00000007c2a80000, 0x00000007eaa80000)
  object space 43520K, 0% used [0x00000007c0000000,0x00000007c0000000,0x00000007c2a80000)
 PSPermGen       total 21504K, used 13219K [0x00000007bae00000, 0x00000007bc300000, 0x00000007c0000000)
  object space 21504K, 61% used [0x00000007bae00000,0x00000007bbae8e00,0x00000007bc300000)

Card table byte_map: [0x0000000107ec0000,0x00000001080ea000] byte_map_base: 0x00000001040e9000

Polling page: 0x00000001049a8000

Code Cache  [0x0000000104e00000, 0x0000000105070000, 0x0000000107e00000)
 total_blobs=604 nmethods=86 adapters=472 free_code_cache=48432Kb largest_free_block=49573632

Compilation events (10 events):
Event: 8.266 Thread 0x00007fa6bc84e000 nmethod 82 0x0000000104ead510 code [0x0000000104ead680, 0x0000000104eadc08]
Event: 8.266 Thread 0x00007fa6bc84e000   83             org.newdawn.slick.opengl.PNGDecoder::copy (12 bytes)
Event: 8.270 Thread 0x00007fa6bc84e000 nmethod 83 0x0000000104ea7e50 code [0x0000000104ea7fc0, 0x0000000104ea8208]
Event: 8.301 Thread 0x00007fa6bc857800 nmethod 80 0x0000000104eb5e10 code [0x0000000104eb6100, 0x0000000104eb7d38]
Event: 8.674 Thread 0x00007fa6bc84e000   84             java.lang.String::startsWith (7 bytes)
Event: 8.678 Thread 0x00007fa6bc84e000 nmethod 84 0x0000000104ead010 code [0x0000000104ead160, 0x0000000104ead2f8]
Event: 8.773 Thread 0x00007fa6bc857800   85             java.lang.String::indexOf (25 bytes)
Event: 8.774 Thread 0x00007fa6bc857800 nmethod 85 0x0000000104eb42d0 code [0x0000000104eb4420, 0x0000000104eb4508]
Event: 8.790 Thread 0x00007fa6bc857800   86             java.util.HashMap::get (29 bytes)
Event: 8.796 Thread 0x00007fa6bc857800 nmethod 86 0x0000000104eb5710 code [0x0000000104eb5880, 0x0000000104eb5b48]

GC Heap History (0 events):
No events

Deoptimization events (4 events):
Event: 2.572 Thread 0x00007fa6bc28e000 Uncommon trap: reason=class_check action=maybe_recompile pc=0x0000000104e79990 method=java.lang.String.equals(Ljava/lang/Object;)Z @ 8
Event: 2.792 Thread 0x00007fa6bc28e000 Uncommon trap: reason=class_check action=maybe_recompile pc=0x0000000104e79990 method=java.lang.String.equals(Ljava/lang/Object;)Z @ 8
Event: 4.910 Thread 0x00007fa6bc28e000 Uncommon trap: reason=class_check action=maybe_recompile pc=0x0000000104e79990 method=java.lang.String.equals(Ljava/lang/Object;)Z @ 8
Event: 5.282 Thread 0x00007fa6bc28e000 Uncommon trap: reason=class_check action=maybe_recompile pc=0x0000000104e79990 method=java.lang.String.equals(Ljava/lang/Object;)Z @ 8

Internal exceptions (10 events):
Event: 6.563 Thread 0x00007fa6bc010000 Threw 0x00000007eb55aae0 at /HUDSON/workspace/7u-2-build-macosx-x86_64/jdk7u79/2331/hotspot/src/share/vm/prims/jvm.cpp:1304
Event: 6.570 Thread 0x00007fa6bc010000 Threw 0x00000007eb5826b0 at /HUDSON/workspace/7u-2-build-macosx-x86_64/jdk7u79/2331/hotspot/src/share/vm/prims/jvm.cpp:1304
Event: 6.571 Thread 0x00007fa6bc010000 Threw 0x00000007eb588b50 at /HUDSON/workspace/7u-2-build-macosx-x86_64/jdk7u79/2331/hotspot/src/share/vm/prims/jvm.cpp:1304
Event: 6.572 Thread 0x00007fa6bc010000 Threw 0x00000007eb58cf18 at /HUDSON/workspace/7u-2-build-macosx-x86_64/jdk7u79/2331/hotspot/src/share/vm/prims/jvm.cpp:1304
Event: 6.573 Thread 0x00007fa6bc010000 Threw 0x00000007eb5935c8 at /HUDSON/workspace/7u-2-build-macosx-x86_64/jdk7u79/2331/hotspot/src/share/vm/prims/jvm.cpp:1304
Event: 6.574 Thread 0x00007fa6bc010000 Threw 0x00000007eb59d0b0 at /HUDSON/workspace/7u-2-build-macosx-x86_64/jdk7u79/2331/hotspot/src/share/vm/prims/jvm.cpp:1304
Event: 6.578 Thread 0x00007fa6bc010000 Threw 0x00000007eb5aabf8 at /HUDSON/workspace/7u-2-build-macosx-x86_64/jdk7u79/2331/hotspot/src/share/vm/prims/jvm.cpp:1304
Event: 6.586 Thread 0x00007fa6bc010000 Threw 0x00000007eb5b0980 at /HUDSON/workspace/7u-2-build-macosx-x86_64/jdk7u79/2331/hotspot/src/share/vm/prims/jvm.cpp:1304
Event: 6.599 Thread 0x00007fa6bc010000 Threw 0x00000007eb5b7f08 at /HUDSON/workspace/7u-2-build-macosx-x86_64/jdk7u79/2331/hotspot/src/share/vm/prims/jvm.cpp:1304
Event: 6.600 Thread 0x00007fa6bc010000 Threw 0x00000007eb5bc610 at /HUDSON/workspace/7u-2-build-macosx-x86_64/jdk7u79/2331/hotspot/src/share/vm/prims/jvm.cpp:1304

Events (10 events):
Event: 6.579 loading class 0x00007fa6bc3341c0 done
Event: 6.579 loading class 0x00007fa6be0af350 done
Event: 6.586 loading class 0x00007fa6be145d50
Event: 6.586 loading class 0x00007fa6be145d50 done
Event: 6.599 loading class 0x00007fa6be0ad580
Event: 6.599 loading class 0x00007fa6be0ad580 done
Event: 6.600 loading class 0x00007fa6be0c6150
Event: 6.600 loading class 0x00007fa6be0c6150 done
Event: 6.885 Executing VM operation: RevokeBias
Event: 6.885 Executing VM operation: RevokeBias done


Dynamic libraries:
0x000000000b3f9000 	/System/Library/Frameworks/Cocoa.framework/Versions/A/Cocoa
0x000000000b3f9000 	/System/Library/Frameworks/Security.framework/Versions/A/Security
0x000000000b3f9000 	/System/Library/Frameworks/ApplicationServices.framework/Versions/A/ApplicationServices
0x000000000b3f9000 	/usr/lib/libz.1.dylib
0x000000000b3f9000 	/usr/lib/libSystem.B.dylib
0x000000000b3f9000 	/usr/lib/libobjc.A.dylib
0x000000000b3f9000 	/System/Library/Frameworks/CoreFoundation.framework/Versions/A/CoreFoundation
0x000000000b3f9000 	/System/Library/Frameworks/Foundation.framework/Versions/C/Foundation
0x000000000b3f9000 	/System/Library/Frameworks/AppKit.framework/Versions/C/AppKit
0x000000000b3f9000 	/System/Library/Frameworks/CoreData.framework/Versions/A/CoreData
0x000000000b3f9000 	/System/Library/PrivateFrameworks/RemoteViewServices.framework/Versions/A/RemoteViewServices
0x000000000b3f9000 	/System/Library/PrivateFrameworks/UIFoundation.framework/Versions/A/UIFoundation
0x000000000b3f9000 	/System/Library/Frameworks/IOSurface.framework/Versions/A/IOSurface
0x000000000b3f9000 	/System/Library/Frameworks/AudioToolbox.framework/Versions/A/AudioToolbox
0x000000000b3f9000 	/System/Library/Frameworks/AudioUnit.framework/Versions/A/AudioUnit
0x000000000b3f9000 	/System/Library/PrivateFrameworks/DataDetectorsCore.framework/Versions/A/DataDetectorsCore
0x000000000b3f9000 	/System/Library/PrivateFrameworks/DesktopServicesPriv.framework/Versions/A/DesktopServicesPriv
0x000000000b3f9000 	/System/Library/Frameworks/Carbon.framework/Versions/A/Frameworks/HIToolbox.framework/Versions/A/HIToolbox
0x000000000b3f9000 	/System/Library/Frameworks/QuartzCore.framework/Versions/A/QuartzCore
0x000000000b3f9000 	/System/Library/Frameworks/Carbon.framework/Versions/A/Frameworks/SpeechRecognition.framework/Versions/A/SpeechRecognition
0x000000000b3f9000 	/usr/lib/libauto.dylib
0x000000000b3f9000 	/usr/lib/libicucore.A.dylib
0x000000000b3f9000 	/usr/lib/libxml2.2.dylib
0x000000000b3f9000 	/System/Library/PrivateFrameworks/CoreUI.framework/Versions/A/CoreUI
0x000000000b3f9000 	/System/Library/Frameworks/CoreAudio.framework/Versions/A/CoreAudio
0x000000000b3f9000 	/System/Library/Frameworks/DiskArbitration.framework/Versions/A/DiskArbitration
0x000000000b3f9000 	/usr/lib/liblangid.dylib
0x000000000b3f9000 	/System/Library/PrivateFrameworks/MultitouchSupport.framework/Versions/A/MultitouchSupport
0x000000000b3f9000 	/System/Library/Frameworks/IOKit.framework/Versions/A/IOKit
0x000000000b3f9000 	/usr/lib/libDiagnosticMessagesClient.dylib
0x000000000b3f9000 	/System/Library/Frameworks/CoreServices.framework/Versions/A/CoreServices
0x000000000b3f9000 	/System/Library/PrivateFrameworks/PerformanceAnalysis.framework/Versions/A/PerformanceAnalysis
0x000000000b3f9000 	/System/Library/PrivateFrameworks/GenerationalStorage.framework/Versions/A/GenerationalStorage
0x000000000b3f9000 	/System/Library/Frameworks/OpenGL.framework/Versions/A/OpenGL
0x000000000b3f9000 	/System/Library/PrivateFrameworks/Sharing.framework/Versions/A/Sharing
0x000000000b3f9000 	/System/Library/Frameworks/CoreGraphics.framework/Versions/A/CoreGraphics
0x000000000b3f9000 	/System/Library/Frameworks/CoreText.framework/Versions/A/CoreText
0x000000000b3f9000 	/System/Library/Frameworks/ImageIO.framework/Versions/A/ImageIO
0x000000000b3f9000 	/usr/lib/libextension.dylib
0x000000000b3f9000 	/System/Library/PrivateFrameworks/Backup.framework/Versions/A/Backup
0x000000000b3f9000 	/usr/lib/libarchive.2.dylib
0x000000000b3f9000 	/System/Library/Frameworks/CFNetwork.framework/Versions/A/CFNetwork
0x000000000b3f9000 	/System/Library/Frameworks/SystemConfiguration.framework/Versions/A/SystemConfiguration
0x000000000b3f9000 	/usr/lib/libCRFSuite.dylib
0x000000000b3f9000 	/usr/lib/libc++.1.dylib
0x000000000b3f9000 	/usr/lib/libc++abi.dylib
0x000000000b3f9000 	/usr/lib/system/libcache.dylib
0x000000000b3f9000 	/usr/lib/system/libcommonCrypto.dylib
0x000000000b3f9000 	/usr/lib/system/libcompiler_rt.dylib
0x000000000b3f9000 	/usr/lib/system/libcopyfile.dylib
0x000000000b3f9000 	/usr/lib/system/libcorecrypto.dylib
0x000000000b3f9000 	/usr/lib/system/libdispatch.dylib
0x000000000b3f9000 	/usr/lib/system/libdyld.dylib
0x000000000b3f9000 	/usr/lib/system/libkeymgr.dylib
0x000000000b3f9000 	/usr/lib/system/liblaunch.dylib
0x000000000b3f9000 	/usr/lib/system/libmacho.dylib
0x000000000b3f9000 	/usr/lib/system/libquarantine.dylib
0x000000000b3f9000 	/usr/lib/system/libremovefile.dylib
0x000000000b3f9000 	/usr/lib/system/libsystem_asl.dylib
0x000000000b3f9000 	/usr/lib/system/libsystem_blocks.dylib
0x000000000b3f9000 	/usr/lib/system/libsystem_c.dylib
0x000000000b3f9000 	/usr/lib/system/libsystem_configuration.dylib
0x000000000b3f9000 	/usr/lib/system/libsystem_coreservices.dylib
0x000000000b3f9000 	/usr/lib/system/libsystem_coretls.dylib
0x000000000b3f9000 	/usr/lib/system/libsystem_dnssd.dylib
0x000000000b3f9000 	/usr/lib/system/libsystem_info.dylib
0x000000000b3f9000 	/usr/lib/system/libsystem_kernel.dylib
0x000000000b3f9000 	/usr/lib/system/libsystem_m.dylib
0x000000000b3f9000 	/usr/lib/system/libsystem_malloc.dylib
0x000000000b3f9000 	/usr/lib/system/libsystem_network.dylib
0x000000000b3f9000 	/usr/lib/system/libsystem_networkextension.dylib
0x000000000b3f9000 	/usr/lib/system/libsystem_notify.dylib
0x000000000b3f9000 	/usr/lib/system/libsystem_platform.dylib
0x000000000b3f9000 	/usr/lib/system/libsystem_pthread.dylib
0x000000000b3f9000 	/usr/lib/system/libsystem_sandbox.dylib
0x000000000b3f9000 	/usr/lib/system/libsystem_secinit.dylib
0x000000000b3f9000 	/usr/lib/system/libsystem_stats.dylib
0x000000000b3f9000 	/usr/lib/system/libsystem_trace.dylib
0x000000000b3f9000 	/usr/lib/system/libunc.dylib
0x000000000b3f9000 	/usr/lib/system/libunwind.dylib
0x000000000b3f9000 	/usr/lib/system/libxpc.dylib
0x000000000b3f9000 	/usr/lib/libbz2.1.0.dylib
0x000000000b3f9000 	/usr/lib/liblzma.5.dylib
0x000000000b3f9000 	/usr/lib/libbsm.0.dylib
0x000000000b3f9000 	/usr/lib/libsqlite3.dylib
0x000000000b3f9000 	/usr/lib/system/libkxld.dylib
0x000000000b3f9000 	/usr/lib/libxar.1.dylib
0x000000000b3f9000 	/usr/lib/libpam.2.dylib
0x000000000b3f9000 	/usr/lib/libOpenScriptingUtil.dylib
0x000000000b3f9000 	/System/Library/Frameworks/CoreServices.framework/Versions/A/Frameworks/FSEvents.framework/Versions/A/FSEvents
0x000000000b3f9000 	/System/Library/Frameworks/CoreServices.framework/Versions/A/Frameworks/CarbonCore.framework/Versions/A/CarbonCore
0x000000000b3f9000 	/System/Library/Frameworks/CoreServices.framework/Versions/A/Frameworks/Metadata.framework/Versions/A/Metadata
0x000000000b3f9000 	/System/Library/Frameworks/CoreServices.framework/Versions/A/Frameworks/OSServices.framework/Versions/A/OSServices
0x000000000b3f9000 	/System/Library/Frameworks/CoreServices.framework/Versions/A/Frameworks/SearchKit.framework/Versions/A/SearchKit
0x000000000b3f9000 	/System/Library/Frameworks/CoreServices.framework/Versions/A/Frameworks/AE.framework/Versions/A/AE
0x000000000b3f9000 	/System/Library/Frameworks/CoreServices.framework/Versions/A/Frameworks/LaunchServices.framework/Versions/A/LaunchServices
0x000000000b3f9000 	/System/Library/Frameworks/CoreServices.framework/Versions/A/Frameworks/DictionaryServices.framework/Versions/A/DictionaryServices
0x000000000b3f9000 	/System/Library/Frameworks/NetFS.framework/Versions/A/NetFS
0x000000000b3f9000 	/System/Library/PrivateFrameworks/NetAuth.framework/Versions/A/NetAuth
0x000000000b3f9000 	/System/Library/PrivateFrameworks/login.framework/Versions/A/Frameworks/loginsupport.framework/Versions/A/loginsupport
0x000000000b3f9000 	/System/Library/PrivateFrameworks/TCC.framework/Versions/A/TCC
0x000000000b3f9000 	/usr/lib/libmecabra.dylib
0x000000000b3f9000 	/System/Library/Frameworks/ApplicationServices.framework/Versions/A/Frameworks/ATS.framework/Versions/A/ATS
0x000000000b3f9000 	/System/Library/Frameworks/ApplicationServices.framework/Versions/A/Frameworks/ColorSync.framework/Versions/A/ColorSync
0x000000000b3f9000 	/System/Library/Frameworks/ApplicationServices.framework/Versions/A/Frameworks/HIServices.framework/Versions/A/HIServices
0x000000000b3f9000 	/System/Library/Frameworks/ApplicationServices.framework/Versions/A/Frameworks/LangAnalysis.framework/Versions/A/LangAnalysis
0x000000000b3f9000 	/System/Library/Frameworks/ApplicationServices.framework/Versions/A/Frameworks/PrintCore.framework/Versions/A/PrintCore
0x000000000b3f9000 	/System/Library/Frameworks/ApplicationServices.framework/Versions/A/Frameworks/QD.framework/Versions/A/QD
0x000000000b3f9000 	/System/Library/Frameworks/ApplicationServices.framework/Versions/A/Frameworks/SpeechSynthesis.framework/Versions/A/SpeechSynthesis
0x000000000b3f9000 	/System/Library/Frameworks/Accelerate.framework/Versions/A/Accelerate
0x000000000b3f9000 	/System/Library/Frameworks/Accelerate.framework/Versions/A/Frameworks/vImage.framework/Versions/A/vImage
0x000000000b3f9000 	/System/Library/Frameworks/Accelerate.framework/Versions/A/Frameworks/vecLib.framework/Versions/A/vecLib
0x000000000b3f9000 	/System/Library/Frameworks/Accelerate.framework/Versions/A/Frameworks/vecLib.framework/Versions/A/libvDSP.dylib
0x000000000b3f9000 	/System/Library/Frameworks/Accelerate.framework/Versions/A/Frameworks/vecLib.framework/Versions/A/libvMisc.dylib
0x000000000b3f9000 	/System/Library/Frameworks/Accelerate.framework/Versions/A/Frameworks/vecLib.framework/Versions/A/libLAPACK.dylib
0x000000000b3f9000 	/System/Library/Frameworks/Accelerate.framework/Versions/A/Frameworks/vecLib.framework/Versions/A/libBLAS.dylib
0x000000000b3f9000 	/System/Library/Frameworks/Accelerate.framework/Versions/A/Frameworks/vecLib.framework/Versions/A/libLinearAlgebra.dylib
0x000000000b3f9000 	/System/Library/Frameworks/ApplicationServices.framework/Versions/A/Frameworks/ATS.framework/Versions/A/Resources/libFontParser.dylib
0x000000000b3f9000 	/System/Library/Frameworks/ApplicationServices.framework/Versions/A/Frameworks/ATS.framework/Versions/A/Resources/libFontRegistry.dylib
0x000000000b3f9000 	/System/Library/PrivateFrameworks/AppleVPA.framework/Versions/A/AppleVPA
0x000000000b3f9000 	/System/Library/PrivateFrameworks/AppleJPEG.framework/Versions/A/AppleJPEG
0x000000000b3f9000 	/System/Library/Frameworks/ImageIO.framework/Versions/A/Resources/libJPEG.dylib
0x000000000b3f9000 	/System/Library/Frameworks/ImageIO.framework/Versions/A/Resources/libTIFF.dylib
0x000000000b3f9000 	/System/Library/Frameworks/ImageIO.framework/Versions/A/Resources/libPng.dylib
0x000000000b3f9000 	/System/Library/Frameworks/ImageIO.framework/Versions/A/Resources/libGIF.dylib
0x000000000b3f9000 	/System/Library/Frameworks/ImageIO.framework/Versions/A/Resources/libJP2.dylib
0x000000000b3f9000 	/System/Library/Frameworks/ImageIO.framework/Versions/A/Resources/libRadiance.dylib
0x000000000b3f9000 	/System/Library/Frameworks/CoreVideo.framework/Versions/A/CoreVideo
0x000000000b3f9000 	/System/Library/Frameworks/OpenGL.framework/Versions/A/Libraries/libGLU.dylib
0x000000000b3f9000 	/System/Library/Frameworks/OpenGL.framework/Versions/A/Libraries/libGFXShared.dylib
0x000000000b3f9000 	/System/Library/Frameworks/OpenGL.framework/Versions/A/Libraries/libGL.dylib
0x000000000b3f9000 	/System/Library/Frameworks/OpenGL.framework/Versions/A/Libraries/libGLImage.dylib
0x000000000b3f9000 	/System/Library/Frameworks/OpenGL.framework/Versions/A/Libraries/libCVMSPluginSupport.dylib
0x000000000b3f9000 	/System/Library/Frameworks/OpenGL.framework/Versions/A/Libraries/libCoreVMClient.dylib
0x000000000b3f9000 	/usr/lib/libcups.2.dylib
0x000000000b3f9000 	/System/Library/Frameworks/Kerberos.framework/Versions/A/Kerberos
0x000000000b3f9000 	/System/Library/Frameworks/GSS.framework/Versions/A/GSS
0x000000000b3f9000 	/usr/lib/libresolv.9.dylib
0x000000000b3f9000 	/usr/lib/libiconv.2.dylib
0x000000000b3f9000 	/System/Library/PrivateFrameworks/Heimdal.framework/Versions/A/Heimdal
0x000000000b3f9000 	/usr/lib/libheimdal-asn1.dylib
0x000000000b3f9000 	/System/Library/Frameworks/OpenDirectory.framework/Versions/A/OpenDirectory
0x000000000b3f9000 	/System/Library/PrivateFrameworks/CommonAuth.framework/Versions/A/CommonAuth
0x000000000b3f9000 	/System/Library/Frameworks/OpenDirectory.framework/Versions/A/Frameworks/CFOpenDirectory.framework/Versions/A/CFOpenDirectory
0x000000000b3f9000 	/System/Library/Frameworks/SecurityFoundation.framework/Versions/A/SecurityFoundation
0x000000000b3f9000 	/System/Library/PrivateFrameworks/LanguageModeling.framework/Versions/A/LanguageModeling
0x000000000b3f9000 	/usr/lib/libcmph.dylib
0x000000000b3f9000 	/System/Library/Frameworks/ServiceManagement.framework/Versions/A/ServiceManagement
0x000000000b3f9000 	/usr/lib/libxslt.1.dylib
0x000000000b3f9000 	/System/Library/Frameworks/Carbon.framework/Versions/A/Frameworks/Ink.framework/Versions/A/Ink
0x000000000b3f9000 	/System/Library/Frameworks/QuartzCore.framework/Versions/A/Frameworks/CoreImage.framework/Versions/A/CoreImage
0x000000000b3f9000 	/System/Library/PrivateFrameworks/CrashReporterSupport.framework/Versions/A/CrashReporterSupport
0x000000000b3f9000 	/System/Library/Frameworks/OpenCL.framework/Versions/A/OpenCL
0x000000000b3f9000 	/System/Library/PrivateFrameworks/FaceCore.framework/Versions/A/FaceCore
0x000000000b3f9000 	/System/Library/PrivateFrameworks/Ubiquity.framework/Versions/A/Ubiquity
0x000000000b3f9000 	/System/Library/PrivateFrameworks/IconServices.framework/Versions/A/IconServices
0x000000000b3f9000 	/System/Library/PrivateFrameworks/ChunkingLibrary.framework/Versions/A/ChunkingLibrary
0x000000000b3f9000 	/System/Library/PrivateFrameworks/Apple80211.framework/Versions/A/Apple80211
0x000000000b3f9000 	/System/Library/Frameworks/CoreWLAN.framework/Versions/A/CoreWLAN
0x000000000b3f9000 	/System/Library/Frameworks/IOBluetooth.framework/Versions/A/IOBluetooth
0x000000000b3f9000 	/System/Library/PrivateFrameworks/CoreWiFi.framework/Versions/A/CoreWiFi
0x000000000b3f9000 	/System/Library/Frameworks/CoreBluetooth.framework/Versions/A/CoreBluetooth
0x000000000b3f9000 	/System/Library/PrivateFrameworks/DebugSymbols.framework/Versions/A/DebugSymbols
0x000000000b3f9000 	/System/Library/PrivateFrameworks/CoreSymbolication.framework/Versions/A/CoreSymbolication
0x000000000b3f9000 	/System/Library/PrivateFrameworks/Symbolication.framework/Versions/A/Symbolication
0x000000000b3f9000 	/System/Library/PrivateFrameworks/SpeechRecognitionCore.framework/Versions/A/SpeechRecognitionCore
0x0000000103dee000 	/Library/Java/JavaVirtualMachines/jdk1.7.0_79.jdk/Contents/Home/jre/lib/server/libjvm.dylib
0x000000000b3f9000 	/usr/lib/libstdc++.6.dylib
0x000000010496b000 	/Library/Java/JavaVirtualMachines/jdk1.7.0_79.jdk/Contents/Home/jre/lib/libverify.dylib
0x0000000104978000 	/Library/Java/JavaVirtualMachines/jdk1.7.0_79.jdk/Contents/Home/jre/lib/libjava.dylib
0x00000001049b2000 	/Library/Java/JavaVirtualMachines/jdk1.7.0_79.jdk/Contents/Home/jre/lib/libzip.dylib
0x000000010b882000 	/System/Library/Frameworks/JavaVM.framework/Frameworks/JavaRuntimeSupport.framework/JavaRuntimeSupport
0x000000010b89a000 	/System/Library/Frameworks/JavaVM.framework/Versions/A/Frameworks/JavaNativeFoundation.framework/Versions/A/JavaNativeFoundation
0x000000010b8af000 	/System/Library/Frameworks/JavaVM.framework/Versions/A/JavaVM
0x000000000b3f9000 	/System/Library/Frameworks/Carbon.framework/Versions/A/Carbon
0x000000010b8bc000 	/System/Library/PrivateFrameworks/JavaLaunching.framework/Versions/A/JavaLaunching
0x000000000b3f9000 	/System/Library/Frameworks/Carbon.framework/Versions/A/Frameworks/CommonPanels.framework/Versions/A/CommonPanels
0x000000000b3f9000 	/System/Library/Frameworks/Carbon.framework/Versions/A/Frameworks/Help.framework/Versions/A/Help
0x000000000b3f9000 	/System/Library/Frameworks/Carbon.framework/Versions/A/Frameworks/ImageCapture.framework/Versions/A/ImageCapture
0x000000000b3f9000 	/System/Library/Frameworks/Carbon.framework/Versions/A/Frameworks/OpenScripting.framework/Versions/A/OpenScripting
0x000000000b3f9000 	/System/Library/Frameworks/Carbon.framework/Versions/A/Frameworks/Print.framework/Versions/A/Print
0x000000000b3f9000 	/System/Library/Frameworks/Carbon.framework/Versions/A/Frameworks/SecurityHI.framework/Versions/A/SecurityHI
0x000000010d667000 	/Library/Java/JavaVirtualMachines/jdk1.7.0_79.jdk/Contents/Home/jre/lib/libawt.dylib
0x000000010d716000 	/Library/Java/JavaVirtualMachines/jdk1.7.0_79.jdk/Contents/Home/jre/lib/./libmlib_image.dylib
0x000000010d7e2000 	/Library/Java/JavaVirtualMachines/jdk1.7.0_79.jdk/Contents/Home/jre/lib/lwawt/liblwawt.dylib
0x000000010d898000 	/Library/Java/JavaVirtualMachines/jdk1.7.0_79.jdk/Contents/Home/jre/lib/libosxapp.dylib
0x000000000b3f9000 	/System/Library/Frameworks/ExceptionHandling.framework/Versions/A/ExceptionHandling
0x000000000b3f9000 	/System/Library/PrivateFrameworks/CoreServicesInternal.framework/Versions/A/CoreServicesInternal
0x000000000b3f9000 	/System/Library/PrivateFrameworks/CloudDocs.framework/Versions/A/CloudDocs
0x000000000b3f9000 	/System/Library/PrivateFrameworks/CoreDuet.framework/Versions/A/CoreDuet
0x000000000b3f9000 	/System/Library/Frameworks/CloudKit.framework/Versions/A/CloudKit
0x000000000b3f9000 	/System/Library/PrivateFrameworks/ProtocolBuffer.framework/Versions/A/ProtocolBuffer
0x000000000b3f9000 	/System/Library/PrivateFrameworks/CoreDuetDaemonProtocol.framework/Versions/A/CoreDuetDaemonProtocol
0x000000000b3f9000 	/System/Library/PrivateFrameworks/CoreDuetDebugLogging.framework/Versions/A/CoreDuetDebugLogging
0x000000000b3f9000 	/System/Library/PrivateFrameworks/MMCS.framework/Versions/A/MMCS
0x000000000b3f9000 	/System/Library/Frameworks/CoreLocation.framework/Versions/A/CoreLocation
0x000000000b3f9000 	/System/Library/PrivateFrameworks/ProtectedCloudStorage.framework/Versions/A/ProtectedCloudStorage
0x000000000b3f9000 	/System/Library/PrivateFrameworks/GeoServices.framework/Versions/A/GeoServices
0x000000000b3f9000 	/System/Library/Frameworks/CoreGraphics.framework/Versions/A/Resources/libCGCMS.A.dylib
0x000000000b3f9000 	/System/Library/Frameworks/CoreGraphics.framework/Versions/A/Resources/libRIP.A.dylib
0x000000000b3f9000 	/System/Library/Frameworks/CoreGraphics.framework/Versions/A/Resources/libCGXType.A.dylib
0x000000000b3f9000 	/System/Library/Frameworks/OpenCL.framework/Versions/A/Libraries/libcldcpuengine.dylib
0x000000000b3f9000 	/System/Library/PrivateFrameworks/DiskImages.framework/Versions/A/DiskImages
0x000000000b3f9000 	/System/Library/Frameworks/DiscRecording.framework/Versions/A/DiscRecording
0x000000000b3f9000 	/usr/lib/libcsfde.dylib
0x000000000b3f9000 	/usr/lib/libcurl.4.dylib
0x000000000b3f9000 	/System/Library/PrivateFrameworks/MediaKit.framework/Versions/A/MediaKit
0x000000000b3f9000 	/usr/lib/libCoreStorage.dylib
0x000000000b3f9000 	/System/Library/PrivateFrameworks/EFILogin.framework/Versions/A/EFILogin
0x000000000b3f9000 	/usr/lib/libutil.dylib
0x000000000b3f9000 	/System/Library/PrivateFrameworks/FindMyDevice.framework/Versions/A/FindMyDevice
0x000000000b3f9000 	/System/Library/Frameworks/LDAP.framework/Versions/A/LDAP
0x000000000b3f9000 	/usr/lib/libsasl2.2.dylib
0x000000000b3f9000 	/System/Library/PrivateFrameworks/CoreDaemon.framework/Versions/B/CoreDaemon
0x000000000b3f9000 	/usr/lib/libcrypto.0.9.8.dylib
0x000000000b3f9000 	/System/Library/PrivateFrameworks/AppleSRP.framework/Versions/A/AppleSRP
0x000000000b3f9000 	/System/Library/PrivateFrameworks/TrustEvaluationAgent.framework/Versions/A/TrustEvaluationAgent
0x000000011070a000 	cl_kernels
0x000000011070c000 	/System/Library/Frameworks/OpenCL.framework/Versions/A/Libraries/ImageFormats/unorm8_bgra.dylib
0x00000001106fb000 	cl_kernels
0x000000000b3f9000 	/System/Library/PrivateFrameworks/FamilyControls.framework/Versions/A/FamilyControls
0x000000000b3f9000 	/System/Library/PrivateFrameworks/CommerceKit.framework/Versions/A/Frameworks/CommerceCore.framework/Versions/A/CommerceCore
0x000000000b3f9000 	/System/Library/PrivateFrameworks/SystemAdministration.framework/Versions/A/SystemAdministration
0x000000000b3f9000 	/System/Library/PrivateFrameworks/AppContainer.framework/Versions/A/AppContainer
0x000000000b3f9000 	/System/Library/PrivateFrameworks/SecCodeWrapper.framework/Versions/A/SecCodeWrapper
0x000000000b3f9000 	/System/Library/Frameworks/DirectoryService.framework/Versions/A/DirectoryService
0x000000000b3f9000 	/System/Library/PrivateFrameworks/LoginUIKit.framework/Versions/A/Frameworks/LoginUICore.framework/Versions/A/LoginUICore
0x000000000b3f9000 	/usr/lib/libodfde.dylib
0x00000001118cf000 	/Library/Java/JavaVirtualMachines/jdk1.7.0_79.jdk/Contents/Home/jre/lib/libfontmanager.dylib
0x000000010fc3b000 	/Library/Java/JavaVirtualMachines/jdk1.7.0_79.jdk/Contents/Home/jre/lib/libosxui.dylib
0x000000000b3f9000 	/System/Library/Frameworks/OpenGL.framework/Versions/A/Resources/GLEngine.bundle/GLEngine
0x000000000b3f9000 	/System/Library/Frameworks/OpenGL.framework/Versions/A/Libraries/libGLProgrammability.dylib
0x0000000000000000 	/System/Library/Extensions/GeForceTeslaGLDriver.bundle/Contents/MacOS/GeForceTeslaGLDriver
0x0000000111a39000 	/System/Library/Extensions/GeForceTeslaGLDriver.bundle/Contents/MacOS/libclh.dylib
0x0000000112280000 	/System/Library/PrivateFrameworks/GPUSupport.framework/Versions/A/Libraries/libGPUSupport.dylib
0x000000000b3f9000 	/System/Library/Frameworks/OpenGL.framework/Versions/A/Resources/GLRendererFloat.bundle/GLRendererFloat
0x00000001129fc000 	/Library/Java/JavaVirtualMachines/jdk1.7.0_79.jdk/Contents/Home/jre/lib/libnio.dylib
0x0000000112a0b000 	/Library/Java/JavaVirtualMachines/jdk1.7.0_79.jdk/Contents/Home/jre/lib/./libnet.dylib
0x000000000b3f9000 	/System/Library/Frameworks/Accelerate.framework/Versions/A/Frameworks/vImage.framework/Versions/A/Libraries/libCGInterfaces.dylib
0x0000000118997000 	/Library/Java/JavaVirtualMachines/jdk1.7.0_79.jdk/Contents/Home/jre/lib/libdcpr.dylib
0x0000000113101000 	/Users/batman/Dev/LWJGL/lwjgl-2.9.3/allnative/liblwjgl.dylib
0x0000000112375000 	/Library/Java/JavaVirtualMachines/jdk1.7.0_79.jdk/Contents/Home/jre/lib/libjawt.dylib

VM Arguments:
jvm_args: -Djava.library.path=/Users/batman/Dev/LWJGL/lwjgl-2.9.3/allnative -Dfile.encoding=UTF-8 
java_command: test.Main
Launcher Type: SUN_STANDARD

Environment Variables:
PATH=/usr/bin:/bin:/usr/sbin:/sbin
SHELL=/bin/bash
DISPLAY=/private/tmp/com.apple.launchd.CRTo3nJmJn/org.macosforge.xquartz:0

Signal Handlers:
SIGSEGV: [libjvm.dylib+0x52daf1], sa_mask[0]=0xfffefeff, sa_flags=0x00000043
SIGBUS: [libjvm.dylib+0x52daf1], sa_mask[0]=0xfffefeff, sa_flags=0x00000042
SIGFPE: [libjvm.dylib+0x41f34e], sa_mask[0]=0xfffefeff, sa_flags=0x00000042
SIGPIPE: [libjvm.dylib+0x41f34e], sa_mask[0]=0xfffefeff, sa_flags=0x00000042
SIGXFSZ: [libjvm.dylib+0x41f34e], sa_mask[0]=0xfffefeff, sa_flags=0x00000042
SIGILL: [libjvm.dylib+0x41f34e], sa_mask[0]=0xfffefeff, sa_flags=0x00000042
SIGUSR1: SIG_DFL, sa_mask[0]=0x00000000, sa_flags=0x00000000
SIGUSR2: [libjvm.dylib+0x41ee40], sa_mask[0]=0x00000004, sa_flags=0x00000042
SIGHUP: [libjvm.dylib+0x41d0d1], sa_mask[0]=0xfffefeff, sa_flags=0x00000042
SIGINT: [libjvm.dylib+0x41d0d1], sa_mask[0]=0xfffefeff, sa_flags=0x00000042
SIGTERM: [libjvm.dylib+0x41d0d1], sa_mask[0]=0xfffefeff, sa_flags=0x00000042
SIGQUIT: [libjvm.dylib+0x41d0d1], sa_mask[0]=0xfffefeff, sa_flags=0x00000042


---------------  S Y S T E M  ---------------

OS:Bsduname:Darwin 14.4.0 Darwin Kernel Version 14.4.0: Thu May 28 11:35:04 PDT 2015; root:xnu-2782.30.5~1/RELEASE_X86_64 x86_64
rlimit: STACK 8192k, CORE 0k, NPROC 709, NOFILE 10240, AS infinity
load average:2.40 2.00 2.03

CPU:total 2 (2 cores per cpu, 1 threads per core) family 6 model 23 stepping 10, cmov, cx8, fxsr, mmx, sse, sse2, sse3, ssse3, sse4.1, tsc

Memory: 4k page, physical 4194304k(1048576k free)

/proc/meminfo:


vm_info: Java HotSpot(TM) 64-Bit Server VM (24.79-b02) for bsd-amd64 JRE (1.7.0_79-b15), built on Apr 10 2015 11:35:04 by "java_re" with gcc 4.2.1 (Based on Apple Inc. build 5658) (LLVM build 2336.11.00)

time: Wed Jul 22 00:01:25 2015
elapsed time: 9 seconds

