#
# A fatal error has been detected by the Java Runtime Environment:
#
#  SIGSEGV (0xb) at pc=0x00007fff8da250dd, pid=9699, tid=1811
#
# JRE version: Java(TM) SE Runtime Environment (7.0_79-b15) (build 1.7.0_79-b15)
# Java VM: Java HotSpot(TM) 64-Bit Server VM (24.79-b02 mixed mode bsd-amd64 compressed oops)
# Problematic frame:
# C  [libobjc.A.dylib+0x10dd]  objc_msgSend+0x1d
#
# Failed to write core dump. Core dumps have been disabled. To enable core dumping, try "ulimit -c unlimited" before starting Java again
#
# If you would like to submit a bug report, please visit:
#   http://bugreport.java.com/bugreport/crash.jsp
# The crash happened outside the Java Virtual Machine in native code.
# See problematic frame for where to report the bug.
#

---------------  T H R E A D  ---------------

Current thread (0x00007facda921800):  JavaThread "AppKit Thread" daemon [_thread_in_native, id=1811, stack(0x00007fff55566000,0x00007fff555e6000)]

siginfo:si_signo=SIGSEGV: si_errno=0, si_code=1 (SEGV_MAPERR), si_addr=0x0000158600000018

Registers:
RAX=0x00007facda5b4d90, RBX=0x00007fff555e1988, RCX=0x0000000000000000, RDX=0x00007facdc878420
RSP=0x00007fff555e17a8, RBP=0x00007fff555e17b0, RSI=0x00007fff94b6741e, RDI=0x00007facda5b4d90
R8 =0x00007fff555e1790, R9 =0x0000000000000073, R10=0x00007fff94b6741e, R11=0x0000158600000000
R12=0x00007facda515260, R13=0x00000000000f4336, R14=0x00007facda5baed0, R15=0x00007fff555e18e8
RIP=0x00007fff8da250dd, EFLAGS=0x0000000000010206, ERR=0x0000000000000004
  TRAPNO=0x000000000000000e

Top of Stack: (sp=0x00007fff555e17a8)
0x00007fff555e17a8:   00007fff9686245c 00007fff555e1b10
0x00007fff555e17b8:   00007fff96752634 00007fff555e183c
0x00007fff555e17c8:   00007fff555e1840 00007fff555e1844
0x00007fff555e17d8:   00007fff7cc63e00 ffffffffffffffff
0x00007fff555e17e8:   0000000000000ac8 00007fff7cc63e18
0x00007fff555e17f8:   00007facda5baed0 0000000000000000
0x00007fff555e1808:   00007fff555e18e0 0000000000000000
0x00007fff555e1818:   00007facda497da0 00007fff555e1960
0x00007fff555e1828:   0000000000000073 00000000000f4338
0x00007fff555e1838:   00007facdc878420 00007facda5b6fb0
0x00007fff555e1848:   00007facda515260 0000000000000001
0x00007fff555e1858:   00000000000f4336 00007facda515250
0x00007fff555e1868:   00007fff95326c05 00000001dac3d9b0
0x00007fff555e1878:   00007fff7cfb10d0 0000000042000000
0x00007fff555e1888:   00007fff9532de63 00007fff7cc2e240
0x00007fff555e1898:   00007fff555e1968 00007fff555e18c0
0x00007fff555e18a8:   00007fff555e18e0 0000000000000000
0x00007fff555e18b8:   0000000000000022 0003770300000001
0x00007fff555e18c8:   00007facda515284 0000000000000000
0x00007fff555e18d8:   0000000000000000 00007facda5b8d20
0x00007fff555e18e8:   00007facda5baed0 0000002000000000
0x00007fff555e18f8:   0000000000000000 00007fff7cfb10d0
0x00007fff555e1908:   0000000042000000 00007fff9532d4f8
0x00007fff555e1918:   00007fff7cc2e350 00007fff555e1878
0x00007fff555e1928:   0000000000000000 00007fff555e19f8
0x00007fff555e1938:   00007fff7c84fea0 00007fff555e1a30
0x00007fff555e1948:   00007fff99f07770 00007fff555e19e0
0x00007fff555e1958:   00007fff9429b4ed 000000000000005f
0x00007fff555e1968:   0000000000000000 00000000000f432d
0x00007fff555e1978:   0000000000000061 0000000000000000
0x00007fff555e1988:   00000000000f4336 00007fff555e1a04
0x00007fff555e1998:   00000000005be201 00000000ffffffff 

Instructions: (pc=0x00007fff8da250dd)
0x00007fff8da250bd:   00 00 00 48 85 ff 2e 74 7a 40 f6 c7 01 2e 75 7e
0x00007fff8da250cd:   49 bb f8 ff ff ff ff 7f 00 00 4c 23 1f 49 89 f2
0x00007fff8da250dd:   45 23 53 18 49 c1 e2 04 4d 03 53 10 49 3b 32 75
0x00007fff8da250ed:   04 41 ff 62 08 49 83 3a 00 74 6a 4d 3b 53 10 74 

Register to memory mapping:

RAX=0x00007facda5b4d90 is an unknown value
RBX=0x00007fff555e1988 is pointing into the stack for thread: 0x00007facda921800
RCX=0x0000000000000000 is an unknown value
RDX=0x00007facdc878420 is an unknown value
RSP=0x00007fff555e17a8 is pointing into the stack for thread: 0x00007facda921800
RBP=0x00007fff555e17b0 is pointing into the stack for thread: 0x00007facda921800
RSI=0x00007fff94b6741e: -[NSTitlebarContainerView transparent]+0x5e312 in /System/Library/Frameworks/AppKit.framework/Versions/C/AppKit at 0x00007fff94166000
RDI=0x00007facda5b4d90 is an unknown value
R8 =0x00007fff555e1790 is pointing into the stack for thread: 0x00007facda921800
R9 =0x0000000000000073 is an unknown value
R10=0x00007fff94b6741e: -[NSTitlebarContainerView transparent]+0x5e312 in /System/Library/Frameworks/AppKit.framework/Versions/C/AppKit at 0x00007fff94166000
R11=0x0000158600000000 is an unknown value
R12=0x00007facda515260 is an unknown value
R13=0x00000000000f4336 is an unknown value
R14=0x00007facda5baed0 is an unknown value
R15=0x00007fff555e18e8 is pointing into the stack for thread: 0x00007facda921800


Stack: [0x00007fff55566000,0x00007fff555e6000],  sp=0x00007fff555e17a8,  free space=493k
Native frames: (J=compiled Java code, j=interpreted, Vv=VM code, C=native code)
C  [libobjc.A.dylib+0x10dd]  objc_msgSend+0x1d
C  [CoreFoundation+0x10634]  _CFXNotificationPost+0xc44
C  [Foundation+0x79d1]  -[NSNotificationCenter postNotificationName:object:userInfo:]+0x42
C  [AppKit+0x439c2]  -[NSSurface _disposeSurface]+0x98
C  [AppKit+0x43426]  -[NSSurface setWindow:]+0x42
C  [AppKit+0x33910]  -[NSView _setWindow:]+0xa33
C  [AppKit+0x6af91]  -[NSView removeFromSuperview]+0x1c5
C  [AppKit+0x14bd99]  -[NSView removeFromSuperviewWithoutNeedingDisplay]+0x26
C  [liblwjgl.dylib+0xa205]  +[MacOSXKeyableWindow destroyWindow]+0xb5
C  [Foundation+0x92d00]  __NSThreadPerformPerform+0x125
C  [CoreFoundation+0x80a01]  __CFRUNLOOP_IS_CALLING_OUT_TO_A_SOURCE0_PERFORM_FUNCTION__+0x11
C  [CoreFoundation+0x72b8d]  __CFRunLoopDoSources0+0x10d
C  [CoreFoundation+0x721bf]  __CFRunLoopRun+0x39f
C  [CoreFoundation+0x71bd8]  CFRunLoopRunSpecific+0x128
C  [HIToolbox+0x3256f]  RunCurrentEventLoopInMode+0xeb
C  [HIToolbox+0x322ea]  ReceiveNextEventCommon+0x1af
C  [HIToolbox+0x3212b]  _BlockUntilNextEventMatchingListInModeWithFilter+0x47
C  [AppKit+0x918ab]  _DPSNextEvent+0x3d2
C  [AppKit+0x90e58]  -[NSApplication nextEventMatchingMask:untilDate:inMode:dequeue:]+0x15a
C  [libosxapp.dylib+0x24e3]  -[NSApplicationAWT nextEventMatchingMask:untilDate:inMode:dequeue:]+0x7c
C  [AppKit+0x86af3]  -[NSApplication run]+0x252
C  [libosxapp.dylib+0x2346]  +[NSApplicationAWT runAWTLoopWithApp:]+0x9c
C  [liblwawt.dylib+0xe17d]  -[AWTStarter starter:]+0x369
C  [Foundation+0x92d00]  __NSThreadPerformPerform+0x125
C  [CoreFoundation+0x80a01]  __CFRUNLOOP_IS_CALLING_OUT_TO_A_SOURCE0_PERFORM_FUNCTION__+0x11
C  [CoreFoundation+0x72b8d]  __CFRunLoopDoSources0+0x10d
C  [CoreFoundation+0x721bf]  __CFRunLoopRun+0x39f
C  [CoreFoundation+0x71bd8]  CFRunLoopRunSpecific+0x128
C  [java+0x73b0]  CreateExecutionEnvironment+0x367
C  [java+0x1b5c]  JLI_Launch+0x7a0
C  [java+0x770d]  main+0x65
C  [java+0x13b4]  start+0x34


---------------  P R O C E S S  ---------------

Java Threads: ( => current thread )
  0x00007facdb412000 JavaThread "DestroyJavaVM" [_thread_blocked, id=3331, stack(0x000000010b17c000,0x000000010b27c000)]
  0x00007facdb2f2800 JavaThread "AWT-EventQueue-0" [_thread_in_native, id=52495, stack(0x0000000119580000,0x0000000119680000)]
  0x00007facdb186000 JavaThread "Image Fetcher 0" daemon [_thread_blocked, id=49923, stack(0x00000001192a7000,0x00000001193a7000)]
  0x00007facdb17f000 JavaThread "Java2D Disposer" daemon [_thread_blocked, id=47891, stack(0x00000001191a4000,0x00000001192a4000)]
  0x00007facda9cb000 JavaThread "Java2D Queue Flusher" daemon [_thread_blocked, id=47383, stack(0x00000001182e4000,0x00000001183e4000)]
  0x00007facdb0c5000 JavaThread "AWT-Shutdown" [_thread_blocked, id=26899, stack(0x000000011593d000,0x0000000115a3d000)]
=>0x00007facda921800 JavaThread "AppKit Thread" daemon [_thread_in_native, id=1811, stack(0x00007fff55566000,0x00007fff555e6000)]
  0x00007facdb042800 JavaThread "Service Thread" daemon [_thread_blocked, id=16643, stack(0x0000000113d51000,0x0000000113e51000)]
  0x00007facdb041800 JavaThread "C2 CompilerThread1" daemon [_thread_blocked, id=16131, stack(0x0000000113c4e000,0x0000000113d4e000)]
  0x00007facda853000 JavaThread "C2 CompilerThread0" daemon [_thread_blocked, id=15619, stack(0x0000000113b4b000,0x0000000113c4b000)]
  0x00007facda83d800 JavaThread "Signal Dispatcher" daemon [_thread_blocked, id=15107, stack(0x0000000113a48000,0x0000000113b48000)]
  0x00007facda83b800 JavaThread "Finalizer" daemon [_thread_blocked, id=11011, stack(0x00000001120c0000,0x00000001121c0000)]
  0x00007facda835000 JavaThread "Reference Handler" daemon [_thread_blocked, id=10499, stack(0x0000000111fbd000,0x00000001120bd000)]

Other Threads:
  0x00007facda834800 VMThread [stack: 0x0000000111eba000,0x0000000111fba000] [id=9987]
  0x00007facda84e800 WatcherThread [stack: 0x0000000113e54000,0x0000000113f54000] [id=17155]

VM state:not at safepoint (normal execution)

VM Mutex/Monitor currently owned by a thread: None

Heap
 PSYoungGen      total 19456K, used 10704K [0x00000007eaa80000, 0x00000007ec000000, 0x0000000800000000)
  eden space 16896K, 63% used [0x00000007eaa80000,0x00000007eb4f40a8,0x00000007ebb00000)
  from space 2560K, 0% used [0x00000007ebd80000,0x00000007ebd80000,0x00000007ec000000)
  to   space 2560K, 0% used [0x00000007ebb00000,0x00000007ebb00000,0x00000007ebd80000)
 ParOldGen       total 43520K, used 0K [0x00000007c0000000, 0x00000007c2a80000, 0x00000007eaa80000)
  object space 43520K, 0% used [0x00000007c0000000,0x00000007c0000000,0x00000007c2a80000)
 PSPermGen       total 21504K, used 12630K [0x00000007bae00000, 0x00000007bc300000, 0x00000007c0000000)
  object space 21504K, 58% used [0x00000007bae00000,0x00000007bba55bb8,0x00000007bc300000)

Card table byte_map: [0x000000010e800000,0x000000010ea2a000] byte_map_base: 0x000000010aa29000

Polling page: 0x000000010b2bb000

Code Cache  [0x000000010b800000, 0x000000010ba70000, 0x000000010e800000)
 total_blobs=551 nmethods=42 adapters=464 free_code_cache=48521Kb largest_free_block=49663168

Compilation events (10 events):
Event: 3.483 Thread 0x00007facda853000 nmethod 37 0x000000010b89d6d0 code [0x000000010b89d800, 0x000000010b89d858]
Event: 3.483 Thread 0x00007facdb041800 nmethod 34 0x000000010b89d4d0 code [0x000000010b89d600, 0x000000010b89d658]
Event: 3.498 Thread 0x00007facda853000   38             org.lwjgl.opengl.Sync::getTime (12 bytes)
Event: 3.498 Thread 0x00007facdb041800   39             org.lwjgl.opengl.Sync$RunningAvg::add (38 bytes)
Event: 3.499 Thread 0x00007facda853000 nmethod 38 0x000000010b89d290 code [0x000000010b89d3c0, 0x000000010b89d438]
Event: 3.500 Thread 0x00007facdb041800 nmethod 39 0x000000010b89c290 code [0x000000010b89c3e0, 0x000000010b89c4d8]
Event: 3.511 Thread 0x00007facda853000   41   !         org.lwjgl.opengl.Sync::sync (125 bytes)
Event: 3.528 Thread 0x00007facda853000 nmethod 41 0x000000010b89eb50 code [0x000000010b89ed40, 0x000000010b89f6e0]
Event: 3.628 Thread 0x00007facdb041800   42             java.nio.Buffer::nextPutIndex (31 bytes)
Event: 3.629 Thread 0x00007facdb041800 nmethod 42 0x000000010b8a0490 code [0x000000010b8a05c0, 0x000000010b8a0638]

GC Heap History (0 events):
No events

Deoptimization events (1 events):
Event: 2.387 Thread 0x00007facdb2f2800 Uncommon trap: reason=class_check action=maybe_recompile pc=0x000000010b877d90 method=java.lang.String.equals(Ljava/lang/Object;)Z @ 8

Internal exceptions (10 events):
Event: 2.771 Thread 0x00007facdb2f2800 Threw 0x00000007eb4b2fb8 at /HUDSON/workspace/7u-2-build-macosx-x86_64/jdk7u79/2331/hotspot/src/share/vm/prims/jvm.cpp:1304
Event: 2.785 Thread 0x00007facdb2f2800 Threw 0x00000007eb4b8c40 at /HUDSON/workspace/7u-2-build-macosx-x86_64/jdk7u79/2331/hotspot/src/share/vm/prims/jvm.cpp:1304
Event: 2.787 Thread 0x00007facdb2f2800 Threw 0x00000007eb4bfb40 at /HUDSON/workspace/7u-2-build-macosx-x86_64/jdk7u79/2331/hotspot/src/share/vm/prims/jvm.cpp:1304
Event: 2.788 Thread 0x00007facdb2f2800 Threw 0x00000007eb4c37b8 at /HUDSON/workspace/7u-2-build-macosx-x86_64/jdk7u79/2331/hotspot/src/share/vm/prims/jvm.cpp:1304
Event: 2.789 Thread 0x00007facdb2f2800 Threw 0x00000007eb4c87d8 at /HUDSON/workspace/7u-2-build-macosx-x86_64/jdk7u79/2331/hotspot/src/share/vm/prims/jvm.cpp:1304
Event: 2.790 Thread 0x00007facdb2f2800 Threw 0x00000007eb4cba28 at /HUDSON/workspace/7u-2-build-macosx-x86_64/jdk7u79/2331/hotspot/src/share/vm/prims/jvm.cpp:1304
Event: 2.791 Thread 0x00007facdb2f2800 Threw 0x00000007eb4cf1c0 at /HUDSON/workspace/7u-2-build-macosx-x86_64/jdk7u79/2331/hotspot/src/share/vm/prims/jvm.cpp:1304
Event: 2.815 Thread 0x00007facdb2f2800 Threw 0x00000007eb4d24b8 at /HUDSON/workspace/7u-2-build-macosx-x86_64/jdk7u79/2331/hotspot/src/share/vm/prims/jvm.cpp:1304
Event: 2.816 Thread 0x00007facdb2f2800 Threw 0x00000007eb4d6dc0 at /HUDSON/workspace/7u-2-build-macosx-x86_64/jdk7u79/2331/hotspot/src/share/vm/prims/jvm.cpp:1304
Event: 5.192 Thread 0x00007facdb2f2800 Threw 0x00000007eb4dc9f8 at /HUDSON/workspace/7u-2-build-macosx-x86_64/jdk7u79/2331/hotspot/src/share/vm/prims/jvm.cpp:1304

Events (10 events):
Event: 2.791 loading class 0x00007facda435d40
Event: 2.791 loading class 0x00007facda435d40 done
Event: 2.814 loading class 0x00007facdc86c950
Event: 2.814 loading class 0x00007facdc86c950 done
Event: 2.815 loading class 0x00007facdc870b80
Event: 2.815 loading class 0x00007facdc870b80 done
Event: 4.143 Executing VM operation: EnableBiasedLocking
Event: 4.144 Executing VM operation: EnableBiasedLocking done
Event: 5.191 loading class 0x00007facda4d0d30
Event: 5.191 loading class 0x00007facda4d0d30 done


Dynamic libraries:
0x000000000b3f9000 	/System/Library/Frameworks/Cocoa.framework/Versions/A/Cocoa
0x000000000b3f9000 	/System/Library/Frameworks/Security.framework/Versions/A/Security
0x000000000b3f9000 	/System/Library/Frameworks/ApplicationServices.framework/Versions/A/ApplicationServices
0x000000000b3f9000 	/usr/lib/libz.1.dylib
0x000000000b3f9000 	/usr/lib/libSystem.B.dylib
0x000000000b3f9000 	/usr/lib/libobjc.A.dylib
0x000000000b3f9000 	/System/Library/Frameworks/CoreFoundation.framework/Versions/A/CoreFoundation
0x000000000b3f9000 	/System/Library/Frameworks/Foundation.framework/Versions/C/Foundation
0x000000000b3f9000 	/System/Library/Frameworks/AppKit.framework/Versions/C/AppKit
0x000000000b3f9000 	/System/Library/Frameworks/CoreData.framework/Versions/A/CoreData
0x000000000b3f9000 	/System/Library/PrivateFrameworks/RemoteViewServices.framework/Versions/A/RemoteViewServices
0x000000000b3f9000 	/System/Library/PrivateFrameworks/UIFoundation.framework/Versions/A/UIFoundation
0x000000000b3f9000 	/System/Library/Frameworks/IOSurface.framework/Versions/A/IOSurface
0x000000000b3f9000 	/System/Library/Frameworks/AudioToolbox.framework/Versions/A/AudioToolbox
0x000000000b3f9000 	/System/Library/Frameworks/AudioUnit.framework/Versions/A/AudioUnit
0x000000000b3f9000 	/System/Library/PrivateFrameworks/DataDetectorsCore.framework/Versions/A/DataDetectorsCore
0x000000000b3f9000 	/System/Library/PrivateFrameworks/DesktopServicesPriv.framework/Versions/A/DesktopServicesPriv
0x000000000b3f9000 	/System/Library/Frameworks/Carbon.framework/Versions/A/Frameworks/HIToolbox.framework/Versions/A/HIToolbox
0x000000000b3f9000 	/System/Library/Frameworks/QuartzCore.framework/Versions/A/QuartzCore
0x000000000b3f9000 	/System/Library/Frameworks/Carbon.framework/Versions/A/Frameworks/SpeechRecognition.framework/Versions/A/SpeechRecognition
0x000000000b3f9000 	/usr/lib/libauto.dylib
0x000000000b3f9000 	/usr/lib/libicucore.A.dylib
0x000000000b3f9000 	/usr/lib/libxml2.2.dylib
0x000000000b3f9000 	/System/Library/PrivateFrameworks/CoreUI.framework/Versions/A/CoreUI
0x000000000b3f9000 	/System/Library/Frameworks/CoreAudio.framework/Versions/A/CoreAudio
0x000000000b3f9000 	/System/Library/Frameworks/DiskArbitration.framework/Versions/A/DiskArbitration
0x000000000b3f9000 	/usr/lib/liblangid.dylib
0x000000000b3f9000 	/System/Library/PrivateFrameworks/MultitouchSupport.framework/Versions/A/MultitouchSupport
0x000000000b3f9000 	/System/Library/Frameworks/IOKit.framework/Versions/A/IOKit
0x000000000b3f9000 	/usr/lib/libDiagnosticMessagesClient.dylib
0x000000000b3f9000 	/System/Library/Frameworks/CoreServices.framework/Versions/A/CoreServices
0x000000000b3f9000 	/System/Library/PrivateFrameworks/PerformanceAnalysis.framework/Versions/A/PerformanceAnalysis
0x000000000b3f9000 	/System/Library/PrivateFrameworks/GenerationalStorage.framework/Versions/A/GenerationalStorage
0x000000000b3f9000 	/System/Library/Frameworks/OpenGL.framework/Versions/A/OpenGL
0x000000000b3f9000 	/System/Library/PrivateFrameworks/Sharing.framework/Versions/A/Sharing
0x000000000b3f9000 	/System/Library/Frameworks/CoreGraphics.framework/Versions/A/CoreGraphics
0x000000000b3f9000 	/System/Library/Frameworks/CoreText.framework/Versions/A/CoreText
0x000000000b3f9000 	/System/Library/Frameworks/ImageIO.framework/Versions/A/ImageIO
0x000000000b3f9000 	/usr/lib/libextension.dylib
0x000000000b3f9000 	/System/Library/PrivateFrameworks/Backup.framework/Versions/A/Backup
0x000000000b3f9000 	/usr/lib/libarchive.2.dylib
0x000000000b3f9000 	/System/Library/Frameworks/CFNetwork.framework/Versions/A/CFNetwork
0x000000000b3f9000 	/System/Library/Frameworks/SystemConfiguration.framework/Versions/A/SystemConfiguration
0x000000000b3f9000 	/usr/lib/libCRFSuite.dylib
0x000000000b3f9000 	/usr/lib/libc++.1.dylib
0x000000000b3f9000 	/usr/lib/libc++abi.dylib
0x000000000b3f9000 	/usr/lib/system/libcache.dylib
0x000000000b3f9000 	/usr/lib/system/libcommonCrypto.dylib
0x000000000b3f9000 	/usr/lib/system/libcompiler_rt.dylib
0x000000000b3f9000 	/usr/lib/system/libcopyfile.dylib
0x000000000b3f9000 	/usr/lib/system/libcorecrypto.dylib
0x000000000b3f9000 	/usr/lib/system/libdispatch.dylib
0x000000000b3f9000 	/usr/lib/system/libdyld.dylib
0x000000000b3f9000 	/usr/lib/system/libkeymgr.dylib
0x000000000b3f9000 	/usr/lib/system/liblaunch.dylib
0x000000000b3f9000 	/usr/lib/system/libmacho.dylib
0x000000000b3f9000 	/usr/lib/system/libquarantine.dylib
0x000000000b3f9000 	/usr/lib/system/libremovefile.dylib
0x000000000b3f9000 	/usr/lib/system/libsystem_asl.dylib
0x000000000b3f9000 	/usr/lib/system/libsystem_blocks.dylib
0x000000000b3f9000 	/usr/lib/system/libsystem_c.dylib
0x000000000b3f9000 	/usr/lib/system/libsystem_configuration.dylib
0x000000000b3f9000 	/usr/lib/system/libsystem_coreservices.dylib
0x000000000b3f9000 	/usr/lib/system/libsystem_coretls.dylib
0x000000000b3f9000 	/usr/lib/system/libsystem_dnssd.dylib
0x000000000b3f9000 	/usr/lib/system/libsystem_info.dylib
0x000000000b3f9000 	/usr/lib/system/libsystem_kernel.dylib
0x000000000b3f9000 	/usr/lib/system/libsystem_m.dylib
0x000000000b3f9000 	/usr/lib/system/libsystem_malloc.dylib
0x000000000b3f9000 	/usr/lib/system/libsystem_network.dylib
0x000000000b3f9000 	/usr/lib/system/libsystem_networkextension.dylib
0x000000000b3f9000 	/usr/lib/system/libsystem_notify.dylib
0x000000000b3f9000 	/usr/lib/system/libsystem_platform.dylib
0x000000000b3f9000 	/usr/lib/system/libsystem_pthread.dylib
0x000000000b3f9000 	/usr/lib/system/libsystem_sandbox.dylib
0x000000000b3f9000 	/usr/lib/system/libsystem_secinit.dylib
0x000000000b3f9000 	/usr/lib/system/libsystem_stats.dylib
0x000000000b3f9000 	/usr/lib/system/libsystem_trace.dylib
0x000000000b3f9000 	/usr/lib/system/libunc.dylib
0x000000000b3f9000 	/usr/lib/system/libunwind.dylib
0x000000000b3f9000 	/usr/lib/system/libxpc.dylib
0x000000000b3f9000 	/usr/lib/libbz2.1.0.dylib
0x000000000b3f9000 	/usr/lib/liblzma.5.dylib
0x000000000b3f9000 	/usr/lib/libbsm.0.dylib
0x000000000b3f9000 	/usr/lib/libsqlite3.dylib
0x000000000b3f9000 	/usr/lib/system/libkxld.dylib
0x000000000b3f9000 	/usr/lib/libxar.1.dylib
0x000000000b3f9000 	/usr/lib/libpam.2.dylib
0x000000000b3f9000 	/usr/lib/libOpenScriptingUtil.dylib
0x000000000b3f9000 	/System/Library/Frameworks/CoreServices.framework/Versions/A/Frameworks/FSEvents.framework/Versions/A/FSEvents
0x000000000b3f9000 	/System/Library/Frameworks/CoreServices.framework/Versions/A/Frameworks/CarbonCore.framework/Versions/A/CarbonCore
0x000000000b3f9000 	/System/Library/Frameworks/CoreServices.framework/Versions/A/Frameworks/Metadata.framework/Versions/A/Metadata
0x000000000b3f9000 	/System/Library/Frameworks/CoreServices.framework/Versions/A/Frameworks/OSServices.framework/Versions/A/OSServices
0x000000000b3f9000 	/System/Library/Frameworks/CoreServices.framework/Versions/A/Frameworks/SearchKit.framework/Versions/A/SearchKit
0x000000000b3f9000 	/System/Library/Frameworks/CoreServices.framework/Versions/A/Frameworks/AE.framework/Versions/A/AE
0x000000000b3f9000 	/System/Library/Frameworks/CoreServices.framework/Versions/A/Frameworks/LaunchServices.framework/Versions/A/LaunchServices
0x000000000b3f9000 	/System/Library/Frameworks/CoreServices.framework/Versions/A/Frameworks/DictionaryServices.framework/Versions/A/DictionaryServices
0x000000000b3f9000 	/System/Library/Frameworks/NetFS.framework/Versions/A/NetFS
0x000000000b3f9000 	/System/Library/PrivateFrameworks/NetAuth.framework/Versions/A/NetAuth
0x000000000b3f9000 	/System/Library/PrivateFrameworks/login.framework/Versions/A/Frameworks/loginsupport.framework/Versions/A/loginsupport
0x000000000b3f9000 	/System/Library/PrivateFrameworks/TCC.framework/Versions/A/TCC
0x000000000b3f9000 	/usr/lib/libmecabra.dylib
0x000000000b3f9000 	/System/Library/Frameworks/ApplicationServices.framework/Versions/A/Frameworks/ATS.framework/Versions/A/ATS
0x000000000b3f9000 	/System/Library/Frameworks/ApplicationServices.framework/Versions/A/Frameworks/ColorSync.framework/Versions/A/ColorSync
0x000000000b3f9000 	/System/Library/Frameworks/ApplicationServices.framework/Versions/A/Frameworks/HIServices.framework/Versions/A/HIServices
0x000000000b3f9000 	/System/Library/Frameworks/ApplicationServices.framework/Versions/A/Frameworks/LangAnalysis.framework/Versions/A/LangAnalysis
0x000000000b3f9000 	/System/Library/Frameworks/ApplicationServices.framework/Versions/A/Frameworks/PrintCore.framework/Versions/A/PrintCore
0x000000000b3f9000 	/System/Library/Frameworks/ApplicationServices.framework/Versions/A/Frameworks/QD.framework/Versions/A/QD
0x000000000b3f9000 	/System/Library/Frameworks/ApplicationServices.framework/Versions/A/Frameworks/SpeechSynthesis.framework/Versions/A/SpeechSynthesis
0x000000000b3f9000 	/System/Library/Frameworks/Accelerate.framework/Versions/A/Accelerate
0x000000000b3f9000 	/System/Library/Frameworks/Accelerate.framework/Versions/A/Frameworks/vImage.framework/Versions/A/vImage
0x000000000b3f9000 	/System/Library/Frameworks/Accelerate.framework/Versions/A/Frameworks/vecLib.framework/Versions/A/vecLib
0x000000000b3f9000 	/System/Library/Frameworks/Accelerate.framework/Versions/A/Frameworks/vecLib.framework/Versions/A/libvDSP.dylib
0x000000000b3f9000 	/System/Library/Frameworks/Accelerate.framework/Versions/A/Frameworks/vecLib.framework/Versions/A/libvMisc.dylib
0x000000000b3f9000 	/System/Library/Frameworks/Accelerate.framework/Versions/A/Frameworks/vecLib.framework/Versions/A/libLAPACK.dylib
0x000000000b3f9000 	/System/Library/Frameworks/Accelerate.framework/Versions/A/Frameworks/vecLib.framework/Versions/A/libBLAS.dylib
0x000000000b3f9000 	/System/Library/Frameworks/Accelerate.framework/Versions/A/Frameworks/vecLib.framework/Versions/A/libLinearAlgebra.dylib
0x000000000b3f9000 	/System/Library/Frameworks/ApplicationServices.framework/Versions/A/Frameworks/ATS.framework/Versions/A/Resources/libFontParser.dylib
0x000000000b3f9000 	/System/Library/Frameworks/ApplicationServices.framework/Versions/A/Frameworks/ATS.framework/Versions/A/Resources/libFontRegistry.dylib
0x000000000b3f9000 	/System/Library/PrivateFrameworks/AppleVPA.framework/Versions/A/AppleVPA
0x000000000b3f9000 	/System/Library/PrivateFrameworks/AppleJPEG.framework/Versions/A/AppleJPEG
0x000000000b3f9000 	/System/Library/Frameworks/ImageIO.framework/Versions/A/Resources/libJPEG.dylib
0x000000000b3f9000 	/System/Library/Frameworks/ImageIO.framework/Versions/A/Resources/libTIFF.dylib
0x000000000b3f9000 	/System/Library/Frameworks/ImageIO.framework/Versions/A/Resources/libPng.dylib
0x000000000b3f9000 	/System/Library/Frameworks/ImageIO.framework/Versions/A/Resources/libGIF.dylib
0x000000000b3f9000 	/System/Library/Frameworks/ImageIO.framework/Versions/A/Resources/libJP2.dylib
0x000000000b3f9000 	/System/Library/Frameworks/ImageIO.framework/Versions/A/Resources/libRadiance.dylib
0x000000000b3f9000 	/System/Library/Frameworks/CoreVideo.framework/Versions/A/CoreVideo
0x000000000b3f9000 	/System/Library/Frameworks/OpenGL.framework/Versions/A/Libraries/libGLU.dylib
0x000000000b3f9000 	/System/Library/Frameworks/OpenGL.framework/Versions/A/Libraries/libGFXShared.dylib
0x000000000b3f9000 	/System/Library/Frameworks/OpenGL.framework/Versions/A/Libraries/libGL.dylib
0x000000000b3f9000 	/System/Library/Frameworks/OpenGL.framework/Versions/A/Libraries/libGLImage.dylib
0x000000000b3f9000 	/System/Library/Frameworks/OpenGL.framework/Versions/A/Libraries/libCVMSPluginSupport.dylib
0x000000000b3f9000 	/System/Library/Frameworks/OpenGL.framework/Versions/A/Libraries/libCoreVMClient.dylib
0x000000000b3f9000 	/usr/lib/libcups.2.dylib
0x000000000b3f9000 	/System/Library/Frameworks/Kerberos.framework/Versions/A/Kerberos
0x000000000b3f9000 	/System/Library/Frameworks/GSS.framework/Versions/A/GSS
0x000000000b3f9000 	/usr/lib/libresolv.9.dylib
0x000000000b3f9000 	/usr/lib/libiconv.2.dylib
0x000000000b3f9000 	/System/Library/PrivateFrameworks/Heimdal.framework/Versions/A/Heimdal
0x000000000b3f9000 	/usr/lib/libheimdal-asn1.dylib
0x000000000b3f9000 	/System/Library/Frameworks/OpenDirectory.framework/Versions/A/OpenDirectory
0x000000000b3f9000 	/System/Library/PrivateFrameworks/CommonAuth.framework/Versions/A/CommonAuth
0x000000000b3f9000 	/System/Library/Frameworks/OpenDirectory.framework/Versions/A/Frameworks/CFOpenDirectory.framework/Versions/A/CFOpenDirectory
0x000000000b3f9000 	/System/Library/Frameworks/SecurityFoundation.framework/Versions/A/SecurityFoundation
0x000000000b3f9000 	/System/Library/PrivateFrameworks/LanguageModeling.framework/Versions/A/LanguageModeling
0x000000000b3f9000 	/usr/lib/libcmph.dylib
0x000000000b3f9000 	/System/Library/Frameworks/ServiceManagement.framework/Versions/A/ServiceManagement
0x000000000b3f9000 	/usr/lib/libxslt.1.dylib
0x000000000b3f9000 	/System/Library/Frameworks/Carbon.framework/Versions/A/Frameworks/Ink.framework/Versions/A/Ink
0x000000000b3f9000 	/System/Library/Frameworks/QuartzCore.framework/Versions/A/Frameworks/CoreImage.framework/Versions/A/CoreImage
0x000000000b3f9000 	/System/Library/PrivateFrameworks/CrashReporterSupport.framework/Versions/A/CrashReporterSupport
0x000000000b3f9000 	/System/Library/Frameworks/OpenCL.framework/Versions/A/OpenCL
0x000000000b3f9000 	/System/Library/PrivateFrameworks/FaceCore.framework/Versions/A/FaceCore
0x000000000b3f9000 	/System/Library/PrivateFrameworks/Ubiquity.framework/Versions/A/Ubiquity
0x000000000b3f9000 	/System/Library/PrivateFrameworks/IconServices.framework/Versions/A/IconServices
0x000000000b3f9000 	/System/Library/PrivateFrameworks/ChunkingLibrary.framework/Versions/A/ChunkingLibrary
0x000000000b3f9000 	/System/Library/PrivateFrameworks/Apple80211.framework/Versions/A/Apple80211
0x000000000b3f9000 	/System/Library/Frameworks/CoreWLAN.framework/Versions/A/CoreWLAN
0x000000000b3f9000 	/System/Library/Frameworks/IOBluetooth.framework/Versions/A/IOBluetooth
0x000000000b3f9000 	/System/Library/PrivateFrameworks/CoreWiFi.framework/Versions/A/CoreWiFi
0x000000000b3f9000 	/System/Library/Frameworks/CoreBluetooth.framework/Versions/A/CoreBluetooth
0x000000000b3f9000 	/System/Library/PrivateFrameworks/DebugSymbols.framework/Versions/A/DebugSymbols
0x000000000b3f9000 	/System/Library/PrivateFrameworks/CoreSymbolication.framework/Versions/A/CoreSymbolication
0x000000000b3f9000 	/System/Library/PrivateFrameworks/Symbolication.framework/Versions/A/Symbolication
0x000000000b3f9000 	/System/Library/PrivateFrameworks/SpeechRecognitionCore.framework/Versions/A/SpeechRecognitionCore
0x000000010a718000 	/Library/Java/JavaVirtualMachines/jdk1.7.0_79.jdk/Contents/Home/jre/lib/server/libjvm.dylib
0x000000000b3f9000 	/usr/lib/libstdc++.6.dylib
0x000000010b27e000 	/Library/Java/JavaVirtualMachines/jdk1.7.0_79.jdk/Contents/Home/jre/lib/libverify.dylib
0x000000010b28b000 	/Library/Java/JavaVirtualMachines/jdk1.7.0_79.jdk/Contents/Home/jre/lib/libjava.dylib
0x000000010b2dc000 	/Library/Java/JavaVirtualMachines/jdk1.7.0_79.jdk/Contents/Home/jre/lib/libzip.dylib
0x000000010b3e5000 	/System/Library/Frameworks/JavaVM.framework/Frameworks/JavaRuntimeSupport.framework/JavaRuntimeSupport
0x00000001121c2000 	/System/Library/Frameworks/JavaVM.framework/Versions/A/Frameworks/JavaNativeFoundation.framework/Versions/A/JavaNativeFoundation
0x00000001121d7000 	/System/Library/Frameworks/JavaVM.framework/Versions/A/JavaVM
0x000000000b3f9000 	/System/Library/Frameworks/Carbon.framework/Versions/A/Carbon
0x00000001121e4000 	/System/Library/PrivateFrameworks/JavaLaunching.framework/Versions/A/JavaLaunching
0x000000000b3f9000 	/System/Library/Frameworks/Carbon.framework/Versions/A/Frameworks/CommonPanels.framework/Versions/A/CommonPanels
0x000000000b3f9000 	/System/Library/Frameworks/Carbon.framework/Versions/A/Frameworks/Help.framework/Versions/A/Help
0x000000000b3f9000 	/System/Library/Frameworks/Carbon.framework/Versions/A/Frameworks/ImageCapture.framework/Versions/A/ImageCapture
0x000000000b3f9000 	/System/Library/Frameworks/Carbon.framework/Versions/A/Frameworks/OpenScripting.framework/Versions/A/OpenScripting
0x000000000b3f9000 	/System/Library/Frameworks/Carbon.framework/Versions/A/Frameworks/Print.framework/Versions/A/Print
0x000000000b3f9000 	/System/Library/Frameworks/Carbon.framework/Versions/A/Frameworks/SecurityHI.framework/Versions/A/SecurityHI
0x0000000113f91000 	/Library/Java/JavaVirtualMachines/jdk1.7.0_79.jdk/Contents/Home/jre/lib/libawt.dylib
0x0000000114040000 	/Library/Java/JavaVirtualMachines/jdk1.7.0_79.jdk/Contents/Home/jre/lib/./libmlib_image.dylib
0x000000011410c000 	/Library/Java/JavaVirtualMachines/jdk1.7.0_79.jdk/Contents/Home/jre/lib/lwawt/liblwawt.dylib
0x00000001141c2000 	/Library/Java/JavaVirtualMachines/jdk1.7.0_79.jdk/Contents/Home/jre/lib/libosxapp.dylib
0x000000000b3f9000 	/System/Library/Frameworks/ExceptionHandling.framework/Versions/A/ExceptionHandling
0x000000000b3f9000 	/System/Library/PrivateFrameworks/CoreServicesInternal.framework/Versions/A/CoreServicesInternal
0x000000000b3f9000 	/System/Library/PrivateFrameworks/CloudDocs.framework/Versions/A/CloudDocs
0x000000000b3f9000 	/System/Library/PrivateFrameworks/CoreDuet.framework/Versions/A/CoreDuet
0x000000000b3f9000 	/System/Library/Frameworks/CloudKit.framework/Versions/A/CloudKit
0x000000000b3f9000 	/System/Library/PrivateFrameworks/ProtocolBuffer.framework/Versions/A/ProtocolBuffer
0x000000000b3f9000 	/System/Library/PrivateFrameworks/CoreDuetDaemonProtocol.framework/Versions/A/CoreDuetDaemonProtocol
0x000000000b3f9000 	/System/Library/PrivateFrameworks/CoreDuetDebugLogging.framework/Versions/A/CoreDuetDebugLogging
0x000000000b3f9000 	/System/Library/PrivateFrameworks/MMCS.framework/Versions/A/MMCS
0x000000000b3f9000 	/System/Library/Frameworks/CoreLocation.framework/Versions/A/CoreLocation
0x000000000b3f9000 	/System/Library/PrivateFrameworks/ProtectedCloudStorage.framework/Versions/A/ProtectedCloudStorage
0x000000000b3f9000 	/System/Library/PrivateFrameworks/GeoServices.framework/Versions/A/GeoServices
0x000000000b3f9000 	/System/Library/Frameworks/CoreGraphics.framework/Versions/A/Resources/libCGCMS.A.dylib
0x000000000b3f9000 	/System/Library/Frameworks/CoreGraphics.framework/Versions/A/Resources/libRIP.A.dylib
0x000000000b3f9000 	/System/Library/Frameworks/CoreGraphics.framework/Versions/A/Resources/libCGXType.A.dylib
0x000000000b3f9000 	/System/Library/Frameworks/OpenCL.framework/Versions/A/Libraries/libcldcpuengine.dylib
0x000000000b3f9000 	/System/Library/PrivateFrameworks/DiskImages.framework/Versions/A/DiskImages
0x000000000b3f9000 	/System/Library/Frameworks/DiscRecording.framework/Versions/A/DiscRecording
0x000000000b3f9000 	/usr/lib/libcsfde.dylib
0x000000000b3f9000 	/usr/lib/libcurl.4.dylib
0x000000000b3f9000 	/System/Library/PrivateFrameworks/MediaKit.framework/Versions/A/MediaKit
0x000000000b3f9000 	/usr/lib/libCoreStorage.dylib
0x000000000b3f9000 	/System/Library/PrivateFrameworks/EFILogin.framework/Versions/A/EFILogin
0x000000000b3f9000 	/usr/lib/libutil.dylib
0x000000000b3f9000 	/System/Library/PrivateFrameworks/FindMyDevice.framework/Versions/A/FindMyDevice
0x000000000b3f9000 	/System/Library/Frameworks/LDAP.framework/Versions/A/LDAP
0x000000000b3f9000 	/usr/lib/libsasl2.2.dylib
0x000000000b3f9000 	/System/Library/PrivateFrameworks/CoreDaemon.framework/Versions/B/CoreDaemon
0x000000000b3f9000 	/usr/lib/libcrypto.0.9.8.dylib
0x000000000b3f9000 	/System/Library/PrivateFrameworks/AppleSRP.framework/Versions/A/AppleSRP
0x000000000b3f9000 	/System/Library/PrivateFrameworks/TrustEvaluationAgent.framework/Versions/A/TrustEvaluationAgent
0x00000001170b7000 	cl_kernels
0x00000001170b9000 	/System/Library/Frameworks/OpenCL.framework/Versions/A/Libraries/ImageFormats/unorm8_bgra.dylib
0x00000001170a8000 	cl_kernels
0x000000000b3f9000 	/System/Library/PrivateFrameworks/FamilyControls.framework/Versions/A/FamilyControls
0x000000000b3f9000 	/System/Library/PrivateFrameworks/CommerceKit.framework/Versions/A/Frameworks/CommerceCore.framework/Versions/A/CommerceCore
0x000000000b3f9000 	/System/Library/PrivateFrameworks/SystemAdministration.framework/Versions/A/SystemAdministration
0x000000000b3f9000 	/System/Library/PrivateFrameworks/AppContainer.framework/Versions/A/AppContainer
0x000000000b3f9000 	/System/Library/PrivateFrameworks/SecCodeWrapper.framework/Versions/A/SecCodeWrapper
0x000000000b3f9000 	/System/Library/Frameworks/DirectoryService.framework/Versions/A/DirectoryService
0x000000000b3f9000 	/System/Library/PrivateFrameworks/LoginUIKit.framework/Versions/A/Frameworks/LoginUICore.framework/Versions/A/LoginUICore
0x000000000b3f9000 	/usr/lib/libodfde.dylib
0x000000011827c000 	/Library/Java/JavaVirtualMachines/jdk1.7.0_79.jdk/Contents/Home/jre/lib/libfontmanager.dylib
0x00000001165e9000 	/Library/Java/JavaVirtualMachines/jdk1.7.0_79.jdk/Contents/Home/jre/lib/libosxui.dylib
0x000000000b3f9000 	/System/Library/Frameworks/OpenGL.framework/Versions/A/Resources/GLEngine.bundle/GLEngine
0x000000000b3f9000 	/System/Library/Frameworks/OpenGL.framework/Versions/A/Libraries/libGLProgrammability.dylib
0x0000000000000000 	/System/Library/Extensions/GeForceTeslaGLDriver.bundle/Contents/MacOS/GeForceTeslaGLDriver
0x00000001183e6000 	/System/Library/Extensions/GeForceTeslaGLDriver.bundle/Contents/MacOS/libclh.dylib
0x0000000118c2d000 	/System/Library/PrivateFrameworks/GPUSupport.framework/Versions/A/Libraries/libGPUSupport.dylib
0x000000000b3f9000 	/System/Library/Frameworks/OpenGL.framework/Versions/A/Resources/GLRendererFloat.bundle/GLRendererFloat
0x00000001193a9000 	/Library/Java/JavaVirtualMachines/jdk1.7.0_79.jdk/Contents/Home/jre/lib/libnio.dylib
0x00000001193b8000 	/Library/Java/JavaVirtualMachines/jdk1.7.0_79.jdk/Contents/Home/jre/lib/./libnet.dylib
0x000000000b3f9000 	/System/Library/Frameworks/Accelerate.framework/Versions/A/Frameworks/vImage.framework/Versions/A/Libraries/libCGInterfaces.dylib
0x000000011980e000 	/Users/batman/Dev/LWJGL/lwjgl-2.9.3/allnative/liblwjgl.dylib
0x0000000118d30000 	/Library/Java/JavaVirtualMachines/jdk1.7.0_79.jdk/Contents/Home/jre/lib/libjawt.dylib

VM Arguments:
jvm_args: -Djava.library.path=/Users/batman/Dev/LWJGL/lwjgl-2.9.3/allnative -Dfile.encoding=UTF-8 
java_command: test.Main
Launcher Type: SUN_STANDARD

Environment Variables:
PATH=/usr/bin:/bin:/usr/sbin:/sbin
SHELL=/bin/bash
DISPLAY=/private/tmp/com.apple.launchd.CRTo3nJmJn/org.macosforge.xquartz:0

Signal Handlers:
SIGSEGV: [libjvm.dylib+0x52daf1], sa_mask[0]=0xfffefeff, sa_flags=0x00000043
SIGBUS: [libjvm.dylib+0x52daf1], sa_mask[0]=0xfffefeff, sa_flags=0x00000042
SIGFPE: [libjvm.dylib+0x41f34e], sa_mask[0]=0xfffefeff, sa_flags=0x00000042
SIGPIPE: [libjvm.dylib+0x41f34e], sa_mask[0]=0xfffefeff, sa_flags=0x00000042
SIGXFSZ: [libjvm.dylib+0x41f34e], sa_mask[0]=0xfffefeff, sa_flags=0x00000042
SIGILL: [libjvm.dylib+0x41f34e], sa_mask[0]=0xfffefeff, sa_flags=0x00000042
SIGUSR1: SIG_DFL, sa_mask[0]=0x00000000, sa_flags=0x00000000
SIGUSR2: [libjvm.dylib+0x41ee40], sa_mask[0]=0x00000004, sa_flags=0x00000042
SIGHUP: [libjvm.dylib+0x41d0d1], sa_mask[0]=0xfffefeff, sa_flags=0x00000042
SIGINT: [libjvm.dylib+0x41d0d1], sa_mask[0]=0xfffefeff, sa_flags=0x00000042
SIGTERM: [libjvm.dylib+0x41d0d1], sa_mask[0]=0xfffefeff, sa_flags=0x00000042
SIGQUIT: [libjvm.dylib+0x41d0d1], sa_mask[0]=0xfffefeff, sa_flags=0x00000042


---------------  S Y S T E M  ---------------

OS:Bsduname:Darwin 14.4.0 Darwin Kernel Version 14.4.0: Thu May 28 11:35:04 PDT 2015; root:xnu-2782.30.5~1/RELEASE_X86_64 x86_64
rlimit: STACK 8192k, CORE 0k, NPROC 709, NOFILE 10240, AS infinity
load average:1.68 1.62 1.63

CPU:total 2 (2 cores per cpu, 1 threads per core) family 6 model 23 stepping 10, cmov, cx8, fxsr, mmx, sse, sse2, sse3, ssse3, sse4.1, tsc

Memory: 4k page, physical 4194304k(1048576k free)

/proc/meminfo:


vm_info: Java HotSpot(TM) 64-Bit Server VM (24.79-b02) for bsd-amd64 JRE (1.7.0_79-b15), built on Apr 10 2015 11:35:04 by "java_re" with gcc 4.2.1 (Based on Apple Inc. build 5658) (LLVM build 2336.11.00)

time: Tue Jul 21 21:58:57 2015
elapsed time: 5 seconds

